e:\2023 - 2024_(year2)_term2\oop\23520066_bt02\bai09\x64\debug\vc143.pdb
e:\2023 - 2024_(year2)_term2\oop\23520066_bt02\bai09\x64\debug\vc143.idb
e:\2023 - 2024_(year2)_term2\oop\23520066_bt02\bai09\x64\debug\source.obj
e:\2023 - 2024_(year2)_term2\oop\23520066_bt02\bai09\x64\debug\cduongtron.obj
e:\2023 - 2024_(year2)_term2\oop\23520066_bt02\bai09\x64\debug\cdiem.obj
e:\2023 - 2024_(year2)_term2\oop\23520066_bt02\bai09\x64\debug\bai09.ilk
e:\2023 - 2024_(year2)_term2\oop\23520066_bt02\x64\debug\bai09.exe
e:\2023 - 2024_(year2)_term2\oop\23520066_bt02\x64\debug\bai09.pdb
e:\2023 - 2024_(year2)_term2\oop\baithuchanhoop\23520066_bt02\bai09\x64\debug\cdiem.obj
e:\2023 - 2024_(year2)_term2\oop\baithuchanhoop\23520066_bt02\bai09\x64\debug\cduongtron.obj
e:\2023 - 2024_(year2)_term2\oop\baithuchanhoop\23520066_bt02\bai09\x64\debug\source.obj
e:\2023 - 2024_(year2)_term2\oop\baithuchanhoop\23520066_bt02\bai09\x64\debug\bai09.ilk
e:\2023 - 2024_(year2)_term2\oop\baithuchanhoop\23520066_bt02\bai09\x64\debug\vc143.idb
e:\2023 - 2024_(year2)_term2\oop\baithuchanhoop\23520066_bt02\bai09\x64\debug\vc143.pdb
e:\2023 - 2024_(year2)_term2\oop\baithuchanhoop\23520066_bt02\x64\debug\bai09.pdb
e:\2023 - 2024_(year2)_term2\oop\baithuchanhoop\23520066_bt02\x64\debug\bai09.exe
e:\2023 - 2024_(year2)_term2\oop\baithuchanhoop\23520066_bt02\bai09\x64\debug\bai09.tlog\cl.command.1.tlog
e:\2023 - 2024_(year2)_term2\oop\baithuchanhoop\23520066_bt02\bai09\x64\debug\bai09.tlog\cl.items.tlog
e:\2023 - 2024_(year2)_term2\oop\baithuchanhoop\23520066_bt02\bai09\x64\debug\bai09.tlog\cl.read.1.tlog
e:\2023 - 2024_(year2)_term2\oop\baithuchanhoop\23520066_bt02\bai09\x64\debug\bai09.tlog\cl.write.1.tlog
e:\2023 - 2024_(year2)_term2\oop\baithuchanhoop\23520066_bt02\bai09\x64\debug\bai09.tlog\link.command.1.tlog
e:\2023 - 2024_(year2)_term2\oop\baithuchanhoop\23520066_bt02\bai09\x64\debug\bai09.tlog\link.read.1.tlog
e:\2023 - 2024_(year2)_term2\oop\baithuchanhoop\23520066_bt02\bai09\x64\debug\bai09.tlog\link.write.1.tlog
